Base path: C:/Program Files (x86)/Unity/Editor/Data
Pipe name: \\.\pipe\UnityShaderCompiler-1-2904
Cmd: getPlatforms
Cmd: preprocess
  insize=3325 outsize=1181 ok=1
Cmd: compileSnippet
  api=4 type=0 insize=2380 outsize=990 kw= ok=1
Cmd: compileSnippet
  api=4 type=1 insize=2380 outsize=2233 kw= ok=1
Cmd: preprocess
  insize=1551 outsize=865 ok=1
Cmd: compileSnippet
  api=4 type=0 insize=952 outsize=1274 kw= ok=1
Cmd: compileSnippet
  api=4 type=1 insize=952 outsize=811 kw= ok=1
Cmd: preprocess
  insize=2702 outsize=1124 ok=1
Cmd: compileSnippet
  api=4 type=0 insize=1825 outsize=990 kw= ok=1
Cmd: compileSnippet
  api=4 type=1 insize=1825 outsize=1583 kw= ok=1
Cmd: preprocess
  insize=328 outsize=328 ok=1
Cmd: preprocess
  insize=2211 outsize=687 ok=1
Cmd: compileSnippet
  api=4 type=0 insize=1761 outsize=1136 kw= ok=1
Cmd: compileSnippet
  api=4 type=1 insize=1761 outsize=2826 kw= ok=1
